c:\users\jack\desktop\education\uni\trimester 2\game engine design\current version\gedproject\gedproject\debug\vc140.pdb
c:\users\jack\desktop\education\uni\trimester 2\game engine design\current version\gedproject\gedproject\debug\vc140.idb
c:\users\jack\desktop\education\uni\trimester 2\game engine design\current version\gedproject\gedproject\debug\hub.obj
c:\users\jack\desktop\education\uni\trimester 2\game engine design\current version\gedproject\gedproject\debug\idlestate.obj
c:\users\jack\desktop\education\uni\trimester 2\game engine design\current version\gedproject\gedproject\debug\lootstate.obj
c:\users\jack\desktop\education\uni\trimester 2\game engine design\current version\gedproject\gedproject\debug\main.obj
c:\users\jack\desktop\education\uni\trimester 2\game engine design\current version\gedproject\gedproject\debug\marine.obj
c:\users\jack\desktop\education\uni\trimester 2\game engine design\current version\gedproject\gedproject\debug\medic.obj
c:\users\jack\desktop\education\uni\trimester 2\game engine design\current version\gedproject\gedproject\debug\menu.obj
c:\users\jack\desktop\education\uni\trimester 2\game engine design\current version\gedproject\gedproject\debug\npcconversestate.obj
c:\users\jack\desktop\education\uni\trimester 2\game engine design\current version\gedproject\gedproject\debug\npcgenerator.obj
c:\users\jack\desktop\education\uni\trimester 2\game engine design\current version\gedproject\gedproject\debug\planet.obj
c:\users\jack\desktop\education\uni\trimester 2\game engine design\current version\gedproject\gedproject\debug\planetgenerator.obj
c:\users\jack\desktop\education\uni\trimester 2\game engine design\current version\gedproject\gedproject\debug\polar.obj
c:\users\jack\desktop\education\uni\trimester 2\game engine design\current version\gedproject\gedproject\debug\resourcesupplier.obj
c:\users\jack\desktop\education\uni\trimester 2\game engine design\current version\gedproject\gedproject\debug\rough.obj
c:\users\jack\desktop\education\uni\trimester 2\game engine design\current version\gedproject\gedproject\debug\supplierfactory.obj
c:\users\jack\desktop\education\uni\trimester 2\game engine design\current version\gedproject\gedproject\debug\travellingstate.obj
c:\users\jack\desktop\education\uni\trimester 2\game engine design\current version\gedproject\gedproject\debug\player.obj
c:\users\jack\desktop\education\uni\trimester 2\game engine design\current version\gedproject\gedproject\debug\random.obj
c:\users\jack\desktop\education\uni\trimester 2\game engine design\current version\gedproject\gedproject\debug\tropical.obj
c:\users\jack\desktop\education\uni\trimester 2\game engine design\current version\gedproject\gedproject\debug\weaponmerchant.obj
c:\users\jack\desktop\education\uni\trimester 2\game engine design\current version\gedproject\gedproject\debug\arid.obj
c:\users\jack\desktop\education\uni\trimester 2\game engine design\current version\gedproject\gedproject\debug\battlestate.obj
c:\users\jack\desktop\education\uni\trimester 2\game engine design\current version\gedproject\gedproject\debug\enemyfactory.obj
c:\users\jack\desktop\education\uni\trimester 2\game engine design\current version\gedproject\gedproject\debug\explorationstate.obj
c:\users\jack\desktop\education\uni\trimester 2\game engine design\current version\gedproject\gedproject\debug\flat.obj
c:\users\jack\desktop\education\uni\trimester 2\game engine design\current version\gedproject\gedproject\debug\gameendstate.obj
c:\users\jack\desktop\education\uni\trimester 2\game engine design\current version\gedproject\gedproject\debug\healerfactory.obj
c:\users\jack\desktop\education\uni\trimester 2\game engine design\current version\gedproject\debug\gedproject.ilk
c:\users\jack\desktop\education\uni\trimester 2\game engine design\current version\gedproject\debug\gedproject.exe
c:\users\jack\desktop\education\uni\trimester 2\game engine design\current version\gedproject\debug\gedproject.pdb
c:\users\jack\desktop\education\uni\trimester 2\game engine design\current version\gedproject\gedproject\debug\gedproject.tlog\cl.command.1.tlog
c:\users\jack\desktop\education\uni\trimester 2\game engine design\current version\gedproject\gedproject\debug\gedproject.tlog\cl.read.1.tlog
c:\users\jack\desktop\education\uni\trimester 2\game engine design\current version\gedproject\gedproject\debug\gedproject.tlog\cl.write.1.tlog
c:\users\jack\desktop\education\uni\trimester 2\game engine design\current version\gedproject\gedproject\debug\gedproject.tlog\link.command.1.tlog
c:\users\jack\desktop\education\uni\trimester 2\game engine design\current version\gedproject\gedproject\debug\gedproject.tlog\link.read.1.tlog
c:\users\jack\desktop\education\uni\trimester 2\game engine design\current version\gedproject\gedproject\debug\gedproject.tlog\link.write.1.tlog
