  WeaponMerchant.cpp
  Tropical.cpp
  random.cpp
c:\users\jack\desktop\ged_jackdsmith_group5_vssolution\gedproject\random.cpp(32): warning C4244: 'return': conversion from 'double' to 'float', possible loss of data
  Player.cpp
  TravellingState.cpp
  SupplierFactory.cpp
  Rough.cpp
  ResourceSupplier.cpp
  Polar.cpp
  PlanetGenerator.cpp
  Planet.cpp
  NPCGenerator.cpp
  NPCConverseState.cpp
  Menu.cpp
  Medic.cpp
  Marine.cpp
  main.cpp
  LootState.cpp
  IdleState.cpp
  Hub.cpp
  Generating Code...
  Compiling...
  HealerFactory.cpp
  GameEndState.cpp
  Flat.cpp
  ExplorationState.cpp
  EnemyFactory.cpp
  BattleState.cpp
  Arid.cpp
  Generating Code...
  GEDProject.vcxproj -> C:\Users\Jack\Desktop\GED_JACKDSMITH_GROUP5_VSSOLUTION\Debug\GEDProject.exe
